INFO trace   [2022-10-04 23:15:27]    --------- title --------- | ------------------ info ------------------ //runtime.doInit proc.go:6321
INFO hex     [2022-10-04 23:15:27]                          one | 0x1 //rsa.(*object).CalcD rsa.go:165
INFO hex     [2022-10-04 23:15:27]                           Dp | 0xb926b1c30d63b1b5f38bcb981835dd73b71e0c879c2674737b8d1087726de666da7976e155f6631213f961b666e261ce8717fa78a90319093d50ea6e876208f2 //rsa.(*object).CalcD rsa.go:166
INFO hex     [2022-10-04 23:15:27]                           Dq | 0xc27bbe3f2becfd01f084979ffd46462a869c4c32955120df59d1584faba2d930e3243c9fdc878242440cfaa3287f71cfbef29a2d73bdbfa237b5a7e406abc9d4 //rsa.(*object).CalcD rsa.go:167
INFO hex     [2022-10-04 23:15:27]                          phi | 0x8ca8d1e5a1166506d6427400cac8d7a169c6ec97b84df38db54500fa9428129b6b6e879c969c0c1f0b9be3d811f36eee619beab8dac4bf6c3eef82a354705963bc99ef0745806586637aa2b159aede1b6c8dbabb36707152c496bd28a4fd6f3e9a3cbd3726d22983d3413067153fbfc7cec824f85b6fbb7856537c0dbbdb6a68 //rsa.(*object).CalcD rsa.go:168
INFO hex     [2022-10-04 23:15:27]                         Qinv | 0x1 //rsa.(*object).CalcD rsa.go:169
INFO hex     [2022-10-04 23:15:27]                          one | 0x1 //rsa.TestQinv rsa_test.go:49
INFO hex     [2022-10-04 23:15:27]                           Dp | 0xb263990e7cd24052a66e21f91726e959d75b1a2bccd270163bd9747d7db760870057356f7f37190c848df4a21db94de9ddf2605d152b82c75145b80b17799990 //rsa.TestQinv rsa_test.go:50
INFO hex     [2022-10-04 23:15:27]                           Dq | 0xe94b07abea21707ff5c38b381b394d694f42c847a63e8137ce571095cdf0f8c6fe52c77f479370569fc8e688be6efc0b25147ad64f4b826e37d224b30cfc4040 //rsa.TestQinv rsa_test.go:51
INFO hex     [2022-10-04 23:15:27]                          phi | 0xa290eed48bb6e75de87b57ff381ff8c8fb2236d432e9c2116528de99d36575deb2ed71ac43993ae631599d197af2c4edeb39c1b38fc849a56265d593fe095363a928e85fd709ed89bc686bf5f5a9ab35776b12f9074c6d75c22b002d7c90deb9276058d56b972ac076fe4bd676719863601378207fc68813db34373a2e8a6400 //rsa.TestQinv rsa_test.go:52
INFO hex     [2022-10-04 23:15:27]                         Qinv | 0x1 //rsa.TestQinv rsa_test.go:53
INFO trace   [2022-10-04 23:15:48]    --------- title --------- | ------------------ info ------------------ //runtime.doInit proc.go:6321
INFO hex     [2022-10-04 23:15:48]                          one | 0x1 //rsa.(*object).CalcD rsa.go:165
INFO hex     [2022-10-04 23:15:48]                           Dp | 0xb926b1c30d63b1b5f38bcb981835dd73b71e0c879c2674737b8d1087726de666da7976e155f6631213f961b666e261ce8717fa78a90319093d50ea6e876208f2 //rsa.(*object).CalcD rsa.go:166
INFO hex     [2022-10-04 23:15:48]                           Dq | 0xc27bbe3f2becfd01f084979ffd46462a869c4c32955120df59d1584faba2d930e3243c9fdc878242440cfaa3287f71cfbef29a2d73bdbfa237b5a7e406abc9d4 //rsa.(*object).CalcD rsa.go:167
INFO hex     [2022-10-04 23:15:48]                          phi | 0x8ca8d1e5a1166506d6427400cac8d7a169c6ec97b84df38db54500fa9428129b6b6e879c969c0c1f0b9be3d811f36eee619beab8dac4bf6c3eef82a354705963bc99ef0745806586637aa2b159aede1b6c8dbabb36707152c496bd28a4fd6f3e9a3cbd3726d22983d3413067153fbfc7cec824f85b6fbb7856537c0dbbdb6a68 //rsa.(*object).CalcD rsa.go:168
INFO hex     [2022-10-04 23:15:48]                         Qinv | 0x1 //rsa.(*object).CalcD rsa.go:169
INFO hex     [2022-10-04 23:15:48]                          one | 0x1 //rsa.TestQinv rsa_test.go:49
INFO hex     [2022-10-04 23:15:48]                           Dp | 0xb263990e7cd24052a66e21f91726e959d75b1a2bccd270163bd9747d7db760870057356f7f37190c848df4a21db94de9ddf2605d152b82c75145b80b17799990 //rsa.TestQinv rsa_test.go:50
INFO hex     [2022-10-04 23:15:48]                           Dq | 0xe94b07abea21707ff5c38b381b394d694f42c847a63e8137ce571095cdf0f8c6fe52c77f479370569fc8e688be6efc0b25147ad64f4b826e37d224b30cfc4040 //rsa.TestQinv rsa_test.go:51
INFO hex     [2022-10-04 23:15:48]                          phi | 0xa290eed48bb6e75de87b57ff381ff8c8fb2236d432e9c2116528de99d36575deb2ed71ac43993ae631599d197af2c4edeb39c1b38fc849a56265d593fe095363a928e85fd709ed89bc686bf5f5a9ab35776b12f9074c6d75c22b002d7c90deb9276058d56b972ac076fe4bd676719863601378207fc68813db34373a2e8a6400 //rsa.TestQinv rsa_test.go:52
INFO hex     [2022-10-04 23:15:48]                         Qinv | 0x1 //rsa.TestQinv rsa_test.go:53
